<?xml version="1.0" encoding="UTF-8" ?>
<testsuite tests="7" failures="0" name="CalculatorTest" time="0.09" errors="0" skipped="4">
  <properties>
[...]
</properties>
  <testcase classname="CalculatorTest" name="testSumm2" time="0.09">
    <skipped/>
  </testcase>
  <testcase classname="CalculatorTest" name="testSumm" time="0"/>
  <testcase classname="CalculatorTest" name="failedTest" time="0">
    <skipped/>
  </testcase>
  <testcase classname="CalculatorTest" name="testSummOk" time="0"/>
  <testcase classname="CalculatorTest" name="testSumma3" time="0">
    <skipped/>
  </testcase>
  <testcase classname="CalculatorTest" name="testSumma4" time="0">
    <skipped/>
  </testcase>
  <testcase classname="CalculatorTest" name="testSumma5" time="0"/>
</testsuite>